<?xml version="1.0" encoding="UTF-8"?>
<!-- Generated by org.testng.reporters.JUnitXMLReporter -->
<testsuite ignored="0" hostname="DESKTOP-G4RQ9IE" failures="0" tests="3" name="Test" time="35.298" errors="0" timestamp="2023-04-15T16:13:22 IST">
  <testcase classname="JenkinsLayer.LaunchTestTwitter" name="LaunchTwitter" time="9.789"/>
  <testcase classname="JenkinsLayer.LaunchTestSalesForce" name="LaunchSF" time="17.779"/>
  <testcase classname="JenkinsLayer.LaunchTestFB" name="LaunchFB" time="7.642"/>
</testsuite> <!-- Test -->
